#
# A fatal error has been detected by the Java Runtime Environment:
#
#  SIGSEGV (0xb) at pc=0x00007fac32c7d15b, pid=39211, tid=46527
#
# JRE version: OpenJDK Runtime Environment 18.9 (11.0.14.1+1) (build 11.0.14.1+1)
# Java VM: OpenJDK 64-Bit Server VM 18.9 (11.0.14.1+1, mixed mode, sharing, tiered, compressed oops, g1 gc, linux-amd64)
# Problematic frame:
# C  [libjimage.so+0x315b]  ImageStrings::find(Endian*, char const*, int*, unsigned int)+0x6b
#
# Core dump will be written. Default location: Core dumps may be processed with "/usr/lib/systemd/systemd-coredump %P %u %g %s %t %c %h" (or dumping to /home/de1ukc/Programming/GitReps/AVL/lab01/core.39211)
#
# If you would like to submit a bug report, please visit:
#   https://bugzilla.redhat.com/enter_bug.cgi?product=Fedora&component=java-11-openjdk&version=35
#

---------------  S U M M A R Y ------------

Command Line: logisim-evolution.jar

Host: AMD Ryzen 5 3550H with Radeon Vega Mobile Gfx, 8 cores, 7G, Fedora release 35 (Thirty Five)
Time: Wed Mar  2 01:16:54 2022 +03 elapsed time: 5550.291998 seconds (0d 1h 32m 30s)

---------------  T H R E A D  ---------------

Current thread (0x00007fab645dd800):  JavaThread "XToolkt-Shutdown-Thread" [_thread_in_vm, id=46527, stack(0x00007fab5fd00000,0x00007fab5fe00000)]

Stack: [0x00007fab5fd00000,0x00007fab5fe00000],  sp=0x00007fab5fdfcf20,  free space=1011k
Native frames: (J=compiled Java code, A=aot compiled Java code, j=interpreted, Vv=VM code, C=native code)
C  [libjimage.so+0x315b]  ImageStrings::find(Endian*, char const*, int*, unsigned int)+0x6b
C  [libjimage.so+0x3f01]  ImageFileReader::find_location_index(char const*, unsigned long long*) const+0x51
C  [libjimage.so+0x44a2]  JIMAGE_FindResource+0x112
V  [libjvm.so+0x609727]